<?xml version="1.0" encoding="UTF-8"?>
<!-- Generated by org.testng.reporters.JUnitReportReporter -->
<testsuite hostname="DESKTOP-09D5AQ1" failures="0" tests="1" name="com.demo.www.Sample" time="6.571" errors="0" timestamp="2023-03-05T16:27:17 IST" skipped="0">
  <testcase classname="com.demo.www.Sample" name="LoginPage" time="6.571"/>
  <system-out/>
</testsuite> <!-- com.demo.www.Sample -->
